Build started 9/6/2015 1:35:16 PM.
     1>Project "C:\cygwin\home\Parker\Code\c++\Encryption\Encryption\Encryption.vcxproj" on node 2 (Build target(s)).
     1>ClCompile:
         C:\Program Files (x86)\Microsoft Visual Studio 14.0\VC\bin\CL.exe /c /Zi /nologo /W3 /WX- /sdl /O2 /Oi /Oy- /GL /D WIN32 /D NDEBUG /D _CONSOLE /D _UNICODE /D UNICODE /Gm- /EHsc /MT /GS /Gy /fp:precise /Zc:wchar_t /Zc:forScope /Zc:inline /Yu"stdafx.h" /Fp"Release\Encryption.pch" /Fo"Release\\" /Fd"Release\vc140.pdb" /Gd /TP /analyze- /errorReport:prompt Encryption.cpp sha256.cpp
         Encryption.cpp
     1>c:\cryptopp562\algparam.h(277): warning C4297: 'CryptoPP::AlgorithmParametersBase::~AlgorithmParametersBase': function assumed not to throw an exception but does
         c:\cryptopp562\algparam.h(277): note: destructor or deallocator has a (possibly implicit) non-throwing exception specification
     1>Encryption.cpp(45): warning C4067: unexpected tokens following preprocessor directive - expected a newline
         sha256.cpp
       Link:
         C:\Program Files (x86)\Microsoft Visual Studio 14.0\VC\bin\link.exe /ERRORREPORT:PROMPT /OUT:"C:\cygwin\home\Parker\Code\c++\Encryption\Release\Encryption.exe" /INCREMENTAL:NO /NOLOGO C:\cryptopp562\Win32\Output\Release\cryptlib.lib kernel32.lib user32.lib gdi32.lib winspool.lib comdlg32.lib advapi32.lib shell32.lib ole32.lib oleaut32.lib uuid.lib odbc32.lib odbccp32.lib /MANIFEST /MANIFESTUAC:"level='asInvoker' uiAccess='false'" /manifest:embed /Debug /PDB:"C:\cygwin\home\Parker\Code\c++\Encryption\Release\Encryption.pdb" /SUBSYSTEM:CONSOLE /OPT:REF /OPT:ICF /LTCG:incremental /TLBID:1 /DYNAMICBASE /NXCOMPAT /IMPLIB:"C:\cygwin\home\Parker\Code\c++\Encryption\Release\Encryption.lib" /MACHINE:X86 /SAFESEH Release\Encryption.obj
         Release\sha256.obj
         Release\stdafx.obj
         Generating code
         229 of 2951 functions ( 7.8%) were compiled, the rest were copied from previous compilation.
           43 functions were new in current compilation
           26 functions had inline decision re-evaluated but remain unchanged
         Finished generating code
         Encryption.vcxproj -> C:\cygwin\home\Parker\Code\c++\Encryption\Release\Encryption.exe
     1>Done Building Project "C:\cygwin\home\Parker\Code\c++\Encryption\Encryption\Encryption.vcxproj" (Build target(s)).

Build succeeded.

Time Elapsed 00:00:14.83
